# JRE version: OpenJDK Runtime Environment (8.0_202-b03) (build 1.8.0_202-release-1483-b03)
# Java VM: OpenJDK 64-Bit Server VM (25.202-b03 mixed mode windows-amd64 compressed oops)
Heap:
 PSYoungGen      total 400384K, used 96728K [0x00000000e0000000, 0x00000000fab80000, 0x0000000100000000)
  eden space 371200K, 23% used [0x00000000e0000000,0x00000000e55a3930,0x00000000f6a80000)
  from space 29184K, 31% used [0x00000000f8f00000,0x00000000f97e4740,0x00000000fab80000)
  to   space 33280K, 0% used [0x00000000f6a80000,0x00000000f6a80000,0x00000000f8b00000)
 ParOldGen       total 89600K, used 67318K [0x00000000a0000000, 0x00000000a5780000, 0x00000000e0000000)
  object space 89600K, 75% used [0x00000000a0000000,0x00000000a41bdac8,0x00000000a5780000)
 Metaspace       used 78941K, capacity 82552K, committed 82560K, reserved 1120256K
  class space    used 10447K, capacity 11136K, committed 11136K, reserved 1048576K
GC Heap History (10 events):
Event: 50.275 GC heap before
{Heap before GC invocations=39 (full 3):
 PSYoungGen      total 315392K, used 299225K [0x00000000e0000000, 0x00000000f7480000, 0x0000000100000000)
  eden space 280576K, 100% used [0x00000000e0000000,0x00000000f1200000,0x00000000f1200000)
  from space 34816K, 53% used [0x00000000f1200000,0x00000000f2436558,0x00000000f3400000)
  to   space 33792K, 0% used [0x00000000f5380000,0x00000000f5380000,0x00000000f7480000)
 ParOldGen       total 89600K, used 65108K [0x00000000a0000000, 0x00000000a5780000, 0x00000000e0000000)
  object space 89600K, 72% used [0x00000000a0000000,0x00000000a3f952f8,0x00000000a5780000)
 Metaspace       used 70533K, capacity 73414K, committed 73600K, reserved 1112064K
  class space    used 9504K, capacity 10087K, committed 10112K, reserved 1048576K
Event: 50.356 GC heap after
Heap after GC invocations=39 (full 3):
 PSYoungGen      total 346112K, used 26484K [0x00000000e0000000, 0x00000000f7680000, 0x0000000100000000)
  eden space 312320K, 0% used [0x00000000e0000000,0x00000000e0000000,0x00000000f3100000)
  from space 33792K, 78% used [0x00000000f5380000,0x00000000f6d5d020,0x00000000f7480000)
  to   space 35328K, 0% used [0x00000000f3100000,0x00000000f3100000,0x00000000f5380000)
 ParOldGen       total 89600K, used 65108K [0x00000000a0000000, 0x00000000a5780000, 0x00000000e0000000)
  object space 89600K, 72% used [0x00000000a0000000,0x00000000a3f952f8,0x00000000a5780000)
 Metaspace       used 70533K, capacity 73414K, committed 73600K, reserved 1112064K
  class space    used 9504K, capacity 10087K, committed 10112K, reserved 1048576K
}
Event: 52.368 GC heap before
{Heap before GC invocations=40 (full 3):
 PSYoungGen      total 346112K, used 338804K [0x00000000e0000000, 0x00000000f7680000, 0x0000000100000000)
  eden space 312320K, 100% used [0x00000000e0000000,0x00000000f3100000,0x00000000f3100000)
  from space 33792K, 78% used [0x00000000f5380000,0x00000000f6d5d020,0x00000000f7480000)
  to   space 35328K, 0% used [0x00000000f3100000,0x00000000f3100000,0x00000000f5380000)
 ParOldGen       total 89600K, used 65108K [0x00000000a0000000, 0x00000000a5780000, 0x00000000e0000000)
  object space 89600K, 72% used [0x00000000a0000000,0x00000000a3f952f8,0x00000000a5780000)
 Metaspace       used 70823K, capacity 73762K, committed 73984K, reserved 1114112K
  class space    used 9546K, capacity 10159K, committed 10240K, reserved 1048576K
Event: 52.410 GC heap after
Heap after GC invocations=40 (full 3):
 PSYoungGen      total 347648K, used 21591K [0x00000000e0000000, 0x00000000f9600000, 0x0000000100000000)
  eden space 312320K, 0% used [0x00000000e0000000,0x00000000e0000000,0x00000000f3100000)
  from space 35328K, 61% used [0x00000000f3100000,0x00000000f4615c98,0x00000000f5380000)
  to   space 34816K, 0% used [0x00000000f7400000,0x00000000f7400000,0x00000000f9600000)
 ParOldGen       total 89600K, used 65116K [0x00000000a0000000, 0x00000000a5780000, 0x00000000e0000000)
  object space 89600K, 72% used [0x00000000a0000000,0x00000000a3f972f8,0x00000000a5780000)
 Metaspace       used 70823K, capacity 73762K, committed 73984K, reserved 1114112K
  class space    used 9546K, capacity 10159K, committed 10240K, reserved 1048576K
}
Event: 55.340 GC heap before
{Heap before GC invocations=41 (full 3):
 PSYoungGen      total 347648K, used 333911K [0x00000000e0000000, 0x00000000f9600000, 0x0000000100000000)
  eden space 312320K, 100% used [0x00000000e0000000,0x00000000f3100000,0x00000000f3100000)
  from space 35328K, 61% used [0x00000000f3100000,0x00000000f4615c98,0x00000000f5380000)
  to   space 34816K, 0% used [0x00000000f7400000,0x00000000f7400000,0x00000000f9600000)
 ParOldGen       total 89600K, used 65116K [0x00000000a0000000, 0x00000000a5780000, 0x00000000e0000000)
  object space 89600K, 72% used [0x00000000a0000000,0x00000000a3f972f8,0x00000000a5780000)
 Metaspace       used 71043K, capacity 73956K, committed 74240K, reserved 1114112K
  class space    used 9573K, capacity 10182K, committed 10240K, reserved 1048576K
Event: 55.386 GC heap after
Heap after GC invocations=41 (full 3):
 PSYoungGen      total 373760K, used 15562K [0x00000000e0000000, 0x00000000f9180000, 0x0000000100000000)
  eden space 343552K, 0% used [0x00000000e0000000,0x00000000e0000000,0x00000000f4f80000)
  from space 30208K, 51% used [0x00000000f7400000,0x00000000f83329a8,0x00000000f9180000)
  to   space 33792K, 0% used [0x00000000f4f80000,0x00000000f4f80000,0x00000000f7080000)
 ParOldGen       total 89600K, used 65124K [0x00000000a0000000, 0x00000000a5780000, 0x00000000e0000000)
  object space 89600K, 72% used [0x00000000a0000000,0x00000000a3f992f8,0x00000000a5780000)
 Metaspace       used 71043K, capacity 73956K, committed 74240K, reserved 1114112K
  class space    used 9573K, capacity 10182K, committed 10240K, reserved 1048576K
}
Event: 58.743 GC heap before
{Heap before GC invocations=42 (full 3):
 PSYoungGen      total 373760K, used 359114K [0x00000000e0000000, 0x00000000f9180000, 0x0000000100000000)
  eden space 343552K, 100% used [0x00000000e0000000,0x00000000f4f80000,0x00000000f4f80000)
  from space 30208K, 51% used [0x00000000f7400000,0x00000000f83329a8,0x00000000f9180000)
  to   space 33792K, 0% used [0x00000000f4f80000,0x00000000f4f80000,0x00000000f7080000)
 ParOldGen       total 89600K, used 65124K [0x00000000a0000000, 0x00000000a5780000, 0x00000000e0000000)
  object space 89600K, 72% used [0x00000000a0000000,0x00000000a3f992f8,0x00000000a5780000)
 Metaspace       used 71538K, capacity 74614K, committed 74752K, reserved 1114112K
  class space    used 9627K, capacity 10237K, committed 10240K, reserved 1048576K
Event: 58.797 GC heap after
Heap after GC invocations=42 (full 3):
 PSYoungGen      total 377344K, used 13652K [0x00000000e0000000, 0x00000000faf80000, 0x0000000100000000)
  eden space 343552K, 0% used [0x00000000e0000000,0x00000000e0000000,0x00000000f4f80000)
  from space 33792K, 40% used [0x00000000f4f80000,0x00000000f5cd53f8,0x00000000f7080000)
  to   space 33280K, 0% used [0x00000000f8f00000,0x00000000f8f00000,0x00000000faf80000)
 ParOldGen       total 89600K, used 66092K [0x00000000a0000000, 0x00000000a5780000, 0x00000000e0000000)
  object space 89600K, 73% used [0x00000000a0000000,0x00000000a408b1c0,0x00000000a5780000)
 Metaspace       used 71538K, capacity 74614K, committed 74752K, reserved 1114112K
  class space    used 9627K, capacity 10237K, committed 10240K, reserved 1048576K
}
Event: 64.422 GC heap before
{Heap before GC invocations=43 (full 3):
 PSYoungGen      total 377344K, used 357204K [0x00000000e0000000, 0x00000000faf80000, 0x0000000100000000)
  eden space 343552K, 100% used [0x00000000e0000000,0x00000000f4f80000,0x00000000f4f80000)
  from space 33792K, 40% used [0x00000000f4f80000,0x00000000f5cd53f8,0x00000000f7080000)
  to   space 33280K, 0% used [0x00000000f8f00000,0x00000000f8f00000,0x00000000faf80000)
 ParOldGen       total 89600K, used 66092K [0x00000000a0000000, 0x00000000a5780000, 0x00000000e0000000)
  object space 89600K, 73% used [0x00000000a0000000,0x00000000a408b1c0,0x00000000a5780000)
 Metaspace       used 75114K, capacity 78498K, committed 78720K, reserved 1118208K
  class space    used 10183K, capacity 10823K, committed 10880K, reserved 1048576K
Event: 64.463 GC heap after
Heap after GC invocations=43 (full 3):
 PSYoungGen      total 400384K, used 9105K [0x00000000e0000000, 0x00000000fab80000, 0x0000000100000000)
  eden space 371200K, 0% used [0x00000000e0000000,0x00000000e0000000,0x00000000f6a80000)
  from space 29184K, 31% used [0x00000000f8f00000,0x00000000f97e4740,0x00000000fab80000)
  to   space 33280K, 0% used [0x00000000f6a80000,0x00000000f6a80000,0x00000000f8b00000)
 ParOldGen       total 89600K, used 67318K [0x00000000a0000000, 0x00000000a5780000, 0x00000000e0000000)
  object space 89600K, 75% used [0x00000000a0000000,0x00000000a41bdac8,0x00000000a5780000)
 Metaspace       used 75114K, capacity 78498K, committed 78720K, reserved 1118208K
  class space    used 10183K, capacity 10823K, committed 10880K, reserved 1048576K
}

