# JRE version: OpenJDK Runtime Environment (8.0_202-b03) (build 1.8.0_202-release-1483-b03)
# Java VM: OpenJDK 64-Bit Server VM (25.202-b03 mixed mode windows-amd64 compressed oops)
Heap:
 PSYoungGen      total 263168K, used 184216K [0x00000000e0000000, 0x00000000f4380000, 0x0000000100000000)
  eden space 222720K, 79% used [0x00000000e0000000,0x00000000eac70790,0x00000000ed980000)
  from space 40448K, 18% used [0x00000000ed980000,0x00000000ee0f58a0,0x00000000f0100000)
  to   space 38912K, 0% used [0x00000000f1d80000,0x00000000f1d80000,0x00000000f4380000)
 ParOldGen       total 119808K, used 101580K [0x00000000a0000000, 0x00000000a7500000, 0x00000000e0000000)
  object space 119808K, 84% used [0x00000000a0000000,0x00000000a63333c8,0x00000000a7500000)
 Metaspace       used 97353K, capacity 101296K, committed 101568K, reserved 1138688K
  class space    used 12446K, capacity 13197K, committed 13312K, reserved 1048576K
GC Heap History (10 events):
Event: 7484.716 GC heap before
{Heap before GC invocations=33 (full 4):
 PSYoungGen      total 218624K, used 199235K [0x00000000e0000000, 0x00000000ef800000, 0x0000000100000000)
  eden space 190464K, 100% used [0x00000000e0000000,0x00000000eba00000,0x00000000eba00000)
  from space 28160K, 31% used [0x00000000edc80000,0x00000000ee510cd0,0x00000000ef800000)
  to   space 31744K, 0% used [0x00000000eba00000,0x00000000eba00000,0x00000000ed900000)
 ParOldGen       total 119808K, used 60436K [0x00000000a0000000, 0x00000000a7500000, 0x00000000e0000000)
  object space 119808K, 50% used [0x00000000a0000000,0x00000000a3b051a0,0x00000000a7500000)
 Metaspace       used 94896K, capacity 98318K, committed 99264K, reserved 1136640K
  class space    used 12143K, capacity 12810K, committed 13056K, reserved 1048576K
Event: 7484.740 GC heap after
Heap after GC invocations=33 (full 4):
 PSYoungGen      total 222208K, used 6165K [0x00000000e0000000, 0x00000000f1f80000, 0x0000000100000000)
  eden space 190464K, 0% used [0x00000000e0000000,0x00000000e0000000,0x00000000eba00000)
  from space 31744K, 19% used [0x00000000eba00000,0x00000000ec0056f8,0x00000000ed900000)
  to   space 31232K, 0% used [0x00000000f0100000,0x00000000f0100000,0x00000000f1f80000)
 ParOldGen       total 119808K, used 63288K [0x00000000a0000000, 0x00000000a7500000, 0x00000000e0000000)
  object space 119808K, 52% used [0x00000000a0000000,0x00000000a3dce210,0x00000000a7500000)
 Metaspace       used 94896K, capacity 98318K, committed 99264K, reserved 1136640K
  class space    used 12143K, capacity 12810K, committed 13056K, reserved 1048576K
}
Event: 7486.875 GC heap before
{Heap before GC invocations=34 (full 4):
 PSYoungGen      total 222208K, used 196629K [0x00000000e0000000, 0x00000000f1f80000, 0x0000000100000000)
  eden space 190464K, 100% used [0x00000000e0000000,0x00000000eba00000,0x00000000eba00000)
  from space 31744K, 19% used [0x00000000eba00000,0x00000000ec0056f8,0x00000000ed900000)
  to   space 31232K, 0% used [0x00000000f0100000,0x00000000f0100000,0x00000000f1f80000)
 ParOldGen       total 119808K, used 63288K [0x00000000a0000000, 0x00000000a7500000, 0x00000000e0000000)
  object space 119808K, 52% used [0x00000000a0000000,0x00000000a3dce210,0x00000000a7500000)
 Metaspace       used 95126K, capacity 98548K, committed 99520K, reserved 1136640K
  class space    used 12147K, capacity 12811K, committed 13056K, reserved 1048576K
Event: 7486.979 GC heap after
Heap after GC invocations=34 (full 4):
 PSYoungGen      total 251904K, used 31230K [0x00000000e0000000, 0x00000000f3480000, 0x0000000100000000)
  eden space 220672K, 0% used [0x00000000e0000000,0x00000000e0000000,0x00000000ed780000)
  from space 31232K, 99% used [0x00000000f0100000,0x00000000f1f7f948,0x00000000f1f80000)
  to   space 42496K, 0% used [0x00000000ed780000,0x00000000ed780000,0x00000000f0100000)
 ParOldGen       total 119808K, used 79753K [0x00000000a0000000, 0x00000000a7500000, 0x00000000e0000000)
  object space 119808K, 66% used [0x00000000a0000000,0x00000000a4de26b0,0x00000000a7500000)
 Metaspace       used 95126K, capacity 98548K, committed 99520K, reserved 1136640K
  class space    used 12147K, capacity 12811K, committed 13056K, reserved 1048576K
}
Event: 7513.658 GC heap before
{Heap before GC invocations=35 (full 4):
 PSYoungGen      total 251904K, used 251902K [0x00000000e0000000, 0x00000000f3480000, 0x0000000100000000)
  eden space 220672K, 100% used [0x00000000e0000000,0x00000000ed780000,0x00000000ed780000)
  from space 31232K, 99% used [0x00000000f0100000,0x00000000f1f7f948,0x00000000f1f80000)
  to   space 42496K, 0% used [0x00000000ed780000,0x00000000ed780000,0x00000000f0100000)
 ParOldGen       total 119808K, used 79753K [0x00000000a0000000, 0x00000000a7500000, 0x00000000e0000000)
  object space 119808K, 66% used [0x00000000a0000000,0x00000000a4de26b0,0x00000000a7500000)
 Metaspace       used 97058K, capacity 100930K, committed 101312K, reserved 1136640K
  class space    used 12425K, capacity 13154K, committed 13312K, reserved 1048576K
Event: 7513.726 GC heap after
Heap after GC invocations=35 (full 4):
 PSYoungGen      total 263168K, used 9514K [0x00000000e0000000, 0x00000000f3480000, 0x0000000100000000)
  eden space 220672K, 0% used [0x00000000e0000000,0x00000000e0000000,0x00000000ed780000)
  from space 42496K, 22% used [0x00000000ed780000,0x00000000ee0ca8f8,0x00000000f0100000)
  to   space 31232K, 0% used [0x00000000f0100000,0x00000000f0100000,0x00000000f1f80000)
 ParOldGen       total 119808K, used 91226K [0x00000000a0000000, 0x00000000a7500000, 0x00000000e0000000)
  object space 119808K, 76% used [0x00000000a0000000,0x00000000a59168b8,0x00000000a7500000)
 Metaspace       used 97058K, capacity 100930K, committed 101312K, reserved 1136640K
  class space    used 12425K, capacity 13154K, committed 13312K, reserved 1048576K
}
Event: 7522.044 GC heap before
{Heap before GC invocations=36 (full 4):
 PSYoungGen      total 263168K, used 230186K [0x00000000e0000000, 0x00000000f3480000, 0x0000000100000000)
  eden space 220672K, 100% used [0x00000000e0000000,0x00000000ed780000,0x00000000ed780000)
  from space 42496K, 22% used [0x00000000ed780000,0x00000000ee0ca8f8,0x00000000f0100000)
  to   space 31232K, 0% used [0x00000000f0100000,0x00000000f0100000,0x00000000f1f80000)
 ParOldGen       total 119808K, used 91226K [0x00000000a0000000, 0x00000000a7500000, 0x00000000e0000000)
  object space 119808K, 76% used [0x00000000a0000000,0x00000000a59168b8,0x00000000a7500000)
 Metaspace       used 97195K, capacity 101108K, committed 101312K, reserved 1136640K
  class space    used 12431K, capacity 13161K, committed 13312K, reserved 1048576K
Event: 7522.114 GC heap after
Heap after GC invocations=36 (full 4):
 PSYoungGen      total 253952K, used 3443K [0x00000000e0000000, 0x00000000f4d00000, 0x0000000100000000)
  eden space 222720K, 0% used [0x00000000e0000000,0x00000000e0000000,0x00000000ed980000)
  from space 31232K, 11% used [0x00000000f0100000,0x00000000f045cef8,0x00000000f1f80000)
  to   space 40448K, 0% used [0x00000000ed980000,0x00000000ed980000,0x00000000f0100000)
 ParOldGen       total 119808K, used 99132K [0x00000000a0000000, 0x00000000a7500000, 0x00000000e0000000)
  object space 119808K, 82% used [0x00000000a0000000,0x00000000a60cf230,0x00000000a7500000)
 Metaspace       used 97195K, capacity 101108K, committed 101312K, reserved 1136640K
  class space    used 12431K, capacity 13161K, committed 13312K, reserved 1048576K
}
Event: 7523.843 GC heap before
{Heap before GC invocations=37 (full 4):
 PSYoungGen      total 253952K, used 226163K [0x00000000e0000000, 0x00000000f4d00000, 0x0000000100000000)
  eden space 222720K, 100% used [0x00000000e0000000,0x00000000ed980000,0x00000000ed980000)
  from space 31232K, 11% used [0x00000000f0100000,0x00000000f045cef8,0x00000000f1f80000)
  to   space 40448K, 0% used [0x00000000ed980000,0x00000000ed980000,0x00000000f0100000)
 ParOldGen       total 119808K, used 99132K [0x00000000a0000000, 0x00000000a7500000, 0x00000000e0000000)
  object space 119808K, 82% used [0x00000000a0000000,0x00000000a60cf230,0x00000000a7500000)
 Metaspace       used 97265K, capacity 101184K, committed 101568K, reserved 1138688K
  class space    used 12433K, capacity 13163K, committed 13312K, reserved 1048576K
Event: 7523.867 GC heap after
Heap after GC invocations=37 (full 4):
 PSYoungGen      total 263168K, used 7638K [0x00000000e0000000, 0x00000000f4380000, 0x0000000100000000)
  eden space 222720K, 0% used [0x00000000e0000000,0x00000000e0000000,0x00000000ed980000)
  from space 40448K, 18% used [0x00000000ed980000,0x00000000ee0f58a0,0x00000000f0100000)
  to   space 38912K, 0% used [0x00000000f1d80000,0x00000000f1d80000,0x00000000f4380000)
 ParOldGen       total 119808K, used 101580K [0x00000000a0000000, 0x00000000a7500000, 0x00000000e0000000)
  object space 119808K, 84% used [0x00000000a0000000,0x00000000a63333c8,0x00000000a7500000)
 Metaspace       used 97265K, capacity 101184K, committed 101568K, reserved 1138688K
  class space    used 12433K, capacity 13163K, committed 13312K, reserved 1048576K
}

