# JRE version: OpenJDK Runtime Environment (8.0_202-b03) (build 1.8.0_202-release-1483-b03)
# Java VM: OpenJDK 64-Bit Server VM (25.202-b03 mixed mode windows-amd64 compressed oops)
Heap:
 PSYoungGen      total 35328K, used 1415K [0x00000000eb180000, 0x00000000ed680000, 0x0000000100000000)
  eden space 32768K, 4% used [0x00000000eb180000,0x00000000eb2e1de8,0x00000000ed180000)
  from space 2560K, 0% used [0x00000000ed400000,0x00000000ed400000,0x00000000ed680000)
  to   space 2560K, 0% used [0x00000000ed180000,0x00000000ed180000,0x00000000ed400000)
 ParOldGen       total 40960K, used 4914K [0x00000000c1400000, 0x00000000c3c00000, 0x00000000eb180000)
  object space 40960K, 11% used [0x00000000c1400000,0x00000000c18ccb60,0x00000000c3c00000)
 Metaspace       used 14725K, capacity 15066K, committed 15488K, reserved 1069056K
  class space    used 1716K, capacity 1813K, committed 1920K, reserved 1048576K
GC Heap History (10 events):
Event: 0.868 GC heap before
{Heap before GC invocations=2 (full 0):
 PSYoungGen      total 18944K, used 18923K [0x00000000eb180000, 0x00000000ed680000, 0x0000000100000000)
  eden space 16384K, 100% used [0x00000000eb180000,0x00000000ec180000,0x00000000ec180000)
  from space 2560K, 99% used [0x00000000ec180000,0x00000000ec3faf38,0x00000000ec400000)
  to   space 2560K, 0% used [0x00000000ed400000,0x00000000ed400000,0x00000000ed680000)
 ParOldGen       total 44032K, used 1310K [0x00000000c1400000, 0x00000000c3f00000, 0x00000000eb180000)
  object space 44032K, 2% used [0x00000000c1400000,0x00000000c1547830,0x00000000c3f00000)
 Metaspace       used 10014K, capacity 10224K, committed 10496K, reserved 1058816K
  class space    used 1106K, capacity 1182K, committed 1280K, reserved 1048576K
Event: 0.875 GC heap after
Heap after GC invocations=2 (full 0):
 PSYoungGen      total 35328K, used 2544K [0x00000000eb180000, 0x00000000ed680000, 0x0000000100000000)
  eden space 32768K, 0% used [0x00000000eb180000,0x00000000eb180000,0x00000000ed180000)
  from space 2560K, 99% used [0x00000000ed400000,0x00000000ed67c358,0x00000000ed680000)
  to   space 2560K, 0% used [0x00000000ed180000,0x00000000ed180000,0x00000000ed400000)
 ParOldGen       total 44032K, used 3851K [0x00000000c1400000, 0x00000000c3f00000, 0x00000000eb180000)
  object space 44032K, 8% used [0x00000000c1400000,0x00000000c17c2ec0,0x00000000c3f00000)
 Metaspace       used 10014K, capacity 10224K, committed 10496K, reserved 1058816K
  class space    used 1106K, capacity 1182K, committed 1280K, reserved 1048576K
}
Event: 1.530 GC heap before
{Heap before GC invocations=3 (full 0):
 PSYoungGen      total 35328K, used 27038K [0x00000000eb180000, 0x00000000ed680000, 0x0000000100000000)
  eden space 32768K, 74% used [0x00000000eb180000,0x00000000ec96b548,0x00000000ed180000)
  from space 2560K, 99% used [0x00000000ed400000,0x00000000ed67c358,0x00000000ed680000)
  to   space 2560K, 0% used [0x00000000ed180000,0x00000000ed180000,0x00000000ed400000)
 ParOldGen       total 44032K, used 3851K [0x00000000c1400000, 0x00000000c3f00000, 0x00000000eb180000)
  object space 44032K, 8% used [0x00000000c1400000,0x00000000c17c2ec0,0x00000000c3f00000)
 Metaspace       used 14198K, capacity 14472K, committed 14592K, reserved 1067008K
  class space    used 1640K, capacity 1742K, committed 1792K, reserved 1048576K
Event: 1.542 GC heap after
Heap after GC invocations=3 (full 0):
 PSYoungGen      total 35328K, used 2549K [0x00000000eb180000, 0x00000000ed680000, 0x0000000100000000)
  eden space 32768K, 0% used [0x00000000eb180000,0x00000000eb180000,0x00000000ed180000)
  from space 2560K, 99% used [0x00000000ed180000,0x00000000ed3fd7d0,0x00000000ed400000)
  to   space 2560K, 0% used [0x00000000ed400000,0x00000000ed400000,0x00000000ed680000)
 ParOldGen       total 44032K, used 9202K [0x00000000c1400000, 0x00000000c3f00000, 0x00000000eb180000)
  object space 44032K, 20% used [0x00000000c1400000,0x00000000c1cfcbe8,0x00000000c3f00000)
 Metaspace       used 14198K, capacity 14472K, committed 14592K, reserved 1067008K
  class space    used 1640K, capacity 1742K, committed 1792K, reserved 1048576K
}
Event: 1.542 GC heap before
{Heap before GC invocations=4 (full 1):
 PSYoungGen      total 35328K, used 2549K [0x00000000eb180000, 0x00000000ed680000, 0x0000000100000000)
  eden space 32768K, 0% used [0x00000000eb180000,0x00000000eb180000,0x00000000ed180000)
  from space 2560K, 99% used [0x00000000ed180000,0x00000000ed3fd7d0,0x00000000ed400000)
  to   space 2560K, 0% used [0x00000000ed400000,0x00000000ed400000,0x00000000ed680000)
 ParOldGen       total 44032K, used 9202K [0x00000000c1400000, 0x00000000c3f00000, 0x00000000eb180000)
  object space 44032K, 20% used [0x00000000c1400000,0x00000000c1cfcbe8,0x00000000c3f00000)
 Metaspace       used 14198K, capacity 14472K, committed 14592K, reserved 1067008K
  class space    used 1640K, capacity 1742K, committed 1792K, reserved 1048576K
Event: 1.586 GC heap after
Heap after GC invocations=4 (full 1):
 PSYoungGen      total 35328K, used 0K [0x00000000eb180000, 0x00000000ed680000, 0x0000000100000000)
  eden space 32768K, 0% used [0x00000000eb180000,0x00000000eb180000,0x00000000ed180000)
  from space 2560K, 0% used [0x00000000ed180000,0x00000000ed180000,0x00000000ed400000)
  to   space 2560K, 0% used [0x00000000ed400000,0x00000000ed400000,0x00000000ed680000)
 ParOldGen       total 40960K, used 7692K [0x00000000c1400000, 0x00000000c3c00000, 0x00000000eb180000)
  object space 40960K, 18% used [0x00000000c1400000,0x00000000c1b83048,0x00000000c3c00000)
 Metaspace       used 14198K, capacity 14472K, committed 14592K, reserved 1064960K
  class space    used 1640K, capacity 1742K, committed 1792K, reserved 1048576K
}
Event: 1.609 GC heap before
{Heap before GC invocations=5 (full 1):
 PSYoungGen      total 35328K, used 1915K [0x00000000eb180000, 0x00000000ed680000, 0x0000000100000000)
  eden space 32768K, 5% used [0x00000000eb180000,0x00000000eb35eda0,0x00000000ed180000)
  from space 2560K, 0% used [0x00000000ed180000,0x00000000ed180000,0x00000000ed400000)
  to   space 2560K, 0% used [0x00000000ed400000,0x00000000ed400000,0x00000000ed680000)
 ParOldGen       total 40960K, used 7692K [0x00000000c1400000, 0x00000000c3c00000, 0x00000000eb180000)
  object space 40960K, 18% used [0x00000000c1400000,0x00000000c1b83048,0x00000000c3c00000)
 Metaspace       used 14500K, capacity 14760K, committed 14976K, reserved 1073152K
  class space    used 1686K, capacity 1774K, committed 1920K, reserved 1048576K
Event: 1.610 GC heap after
Heap after GC invocations=5 (full 1):
 PSYoungGen      total 35328K, used 504K [0x00000000eb180000, 0x00000000ed680000, 0x0000000100000000)
  eden space 32768K, 0% used [0x00000000eb180000,0x00000000eb180000,0x00000000ed180000)
  from space 2560K, 19% used [0x00000000ed400000,0x00000000ed47e3b0,0x00000000ed680000)
  to   space 2560K, 0% used [0x00000000ed180000,0x00000000ed180000,0x00000000ed400000)
 ParOldGen       total 40960K, used 7692K [0x00000000c1400000, 0x00000000c3c00000, 0x00000000eb180000)
  object space 40960K, 18% used [0x00000000c1400000,0x00000000c1b83048,0x00000000c3c00000)
 Metaspace       used 14500K, capacity 14760K, committed 14976K, reserved 1073152K
  class space    used 1686K, capacity 1774K, committed 1920K, reserved 1048576K
}
Event: 1.610 GC heap before
{Heap before GC invocations=6 (full 2):
 PSYoungGen      total 35328K, used 504K [0x00000000eb180000, 0x00000000ed680000, 0x0000000100000000)
  eden space 32768K, 0% used [0x00000000eb180000,0x00000000eb180000,0x00000000ed180000)
  from space 2560K, 19% used [0x00000000ed400000,0x00000000ed47e3b0,0x00000000ed680000)
  to   space 2560K, 0% used [0x00000000ed180000,0x00000000ed180000,0x00000000ed400000)
 ParOldGen       total 40960K, used 7692K [0x00000000c1400000, 0x00000000c3c00000, 0x00000000eb180000)
  object space 40960K, 18% used [0x00000000c1400000,0x00000000c1b83048,0x00000000c3c00000)
 Metaspace       used 14500K, capacity 14760K, committed 14976K, reserved 1073152K
  class space    used 1686K, capacity 1774K, committed 1920K, reserved 1048576K
Event: 1.640 GC heap after
Heap after GC invocations=6 (full 2):
 PSYoungGen      total 35328K, used 0K [0x00000000eb180000, 0x00000000ed680000, 0x0000000100000000)
  eden space 32768K, 0% used [0x00000000eb180000,0x00000000eb180000,0x00000000ed180000)
  from space 2560K, 0% used [0x00000000ed400000,0x00000000ed400000,0x00000000ed680000)
  to   space 2560K, 0% used [0x00000000ed180000,0x00000000ed180000,0x00000000ed400000)
 ParOldGen       total 40960K, used 4914K [0x00000000c1400000, 0x00000000c3c00000, 0x00000000eb180000)
  object space 40960K, 11% used [0x00000000c1400000,0x00000000c18ccb60,0x00000000c3c00000)
 Metaspace       used 14500K, capacity 14760K, committed 14976K, reserved 1067008K
  class space    used 1686K, capacity 1774K, committed 1920K, reserved 1048576K
}

