# JRE version: OpenJDK Runtime Environment (8.0_202-b03) (build 1.8.0_202-release-1483-b03)
# Java VM: OpenJDK 64-Bit Server VM (25.202-b03 mixed mode windows-amd64 compressed oops)
Heap:
 PSYoungGen      total 72704K, used 43991K [0x00000000eb180000, 0x00000000f1a00000, 0x0000000100000000)
  eden space 64000K, 55% used [0x00000000eb180000,0x00000000ed3f8ed8,0x00000000ef000000)
  from space 8704K, 99% used [0x00000000ef000000,0x00000000ef87d0c0,0x00000000ef880000)
  to   space 15872K, 0% used [0x00000000f0a80000,0x00000000f0a80000,0x00000000f1a00000)
 ParOldGen       total 41472K, used 21127K [0x00000000c1400000, 0x00000000c3c80000, 0x00000000eb180000)
  object space 41472K, 50% used [0x00000000c1400000,0x00000000c28a1ef0,0x00000000c3c80000)
 Metaspace       used 41515K, capacity 42148K, committed 42496K, reserved 1087488K
  class space    used 5121K, capacity 5317K, committed 5376K, reserved 1048576K
GC Heap History (10 events):
Event: 2.592 GC heap before
{Heap before GC invocations=7 (full 1):
 PSYoungGen      total 35328K, used 32768K [0x00000000eb180000, 0x00000000f0180000, 0x0000000100000000)
  eden space 32768K, 100% used [0x00000000eb180000,0x00000000ed180000,0x00000000ed180000)
  from space 2560K, 0% used [0x00000000ed180000,0x00000000ed180000,0x00000000ed400000)
  to   space 8192K, 0% used [0x00000000ef980000,0x00000000ef980000,0x00000000f0180000)
 ParOldGen       total 41472K, used 9447K [0x00000000c1400000, 0x00000000c3c80000, 0x00000000eb180000)
  object space 41472K, 22% used [0x00000000c1400000,0x00000000c1d39c30,0x00000000c3c80000)
 Metaspace       used 24490K, capacity 24976K, committed 25216K, reserved 1071104K
  class space    used 3224K, capacity 3380K, committed 3456K, reserved 1048576K
Event: 2.605 GC heap after
Heap after GC invocations=7 (full 1):
 PSYoungGen      total 53248K, used 7237K [0x00000000eb180000, 0x00000000f0100000, 0x0000000100000000)
  eden space 45568K, 0% used [0x00000000eb180000,0x00000000eb180000,0x00000000ede00000)
  from space 7680K, 94% used [0x00000000ef980000,0x00000000f0091798,0x00000000f0100000)
  to   space 8704K, 0% used [0x00000000ef000000,0x00000000ef000000,0x00000000ef880000)
 ParOldGen       total 41472K, used 9447K [0x00000000c1400000, 0x00000000c3c80000, 0x00000000eb180000)
  object space 41472K, 22% used [0x00000000c1400000,0x00000000c1d39c30,0x00000000c3c80000)
 Metaspace       used 24490K, capacity 24976K, committed 25216K, reserved 1071104K
  class space    used 3224K, capacity 3380K, committed 3456K, reserved 1048576K
}
Event: 3.597 GC heap before
{Heap before GC invocations=8 (full 1):
 PSYoungGen      total 53248K, used 52805K [0x00000000eb180000, 0x00000000f0100000, 0x0000000100000000)
  eden space 45568K, 100% used [0x00000000eb180000,0x00000000ede00000,0x00000000ede00000)
  from space 7680K, 94% used [0x00000000ef980000,0x00000000f0091798,0x00000000f0100000)
  to   space 8704K, 0% used [0x00000000ef000000,0x00000000ef000000,0x00000000ef880000)
 ParOldGen       total 41472K, used 9447K [0x00000000c1400000, 0x00000000c3c80000, 0x00000000eb180000)
  object space 41472K, 22% used [0x00000000c1400000,0x00000000c1d39c30,0x00000000c3c80000)
 Metaspace       used 31582K, capacity 32024K, committed 32384K, reserved 1077248K
  class space    used 4066K, capacity 4219K, committed 4224K, reserved 1048576K
Event: 3.612 GC heap after
Heap after GC invocations=8 (full 1):
 PSYoungGen      total 71168K, used 8697K [0x00000000eb180000, 0x00000000f0880000, 0x0000000100000000)
  eden space 62464K, 0% used [0x00000000eb180000,0x00000000eb180000,0x00000000eee80000)
  from space 8704K, 99% used [0x00000000ef000000,0x00000000ef87e4c0,0x00000000ef880000)
  to   space 13312K, 0% used [0x00000000efb80000,0x00000000efb80000,0x00000000f0880000)
 ParOldGen       total 41472K, used 16965K [0x00000000c1400000, 0x00000000c3c80000, 0x00000000eb180000)
  object space 41472K, 40% used [0x00000000c1400000,0x00000000c2491428,0x00000000c3c80000)
 Metaspace       used 31582K, capacity 32024K, committed 32384K, reserved 1077248K
  class space    used 4066K, capacity 4219K, committed 4224K, reserved 1048576K
}
Event: 3.944 GC heap before
{Heap before GC invocations=9 (full 1):
 PSYoungGen      total 71168K, used 22279K [0x00000000eb180000, 0x00000000f0880000, 0x0000000100000000)
  eden space 62464K, 21% used [0x00000000eb180000,0x00000000ebec3b20,0x00000000eee80000)
  from space 8704K, 99% used [0x00000000ef000000,0x00000000ef87e4c0,0x00000000ef880000)
  to   space 13312K, 0% used [0x00000000efb80000,0x00000000efb80000,0x00000000f0880000)
 ParOldGen       total 41472K, used 16965K [0x00000000c1400000, 0x00000000c3c80000, 0x00000000eb180000)
  object space 41472K, 40% used [0x00000000c1400000,0x00000000c2491428,0x00000000c3c80000)
 Metaspace       used 34715K, capacity 35264K, committed 35496K, reserved 1081344K
  class space    used 4471K, capacity 4601K, committed 4608K, reserved 1048576K
Event: 3.957 GC heap after
Heap after GC invocations=9 (full 1):
 PSYoungGen      total 75776K, used 12110K [0x00000000eb180000, 0x00000000f0880000, 0x0000000100000000)
  eden space 62464K, 0% used [0x00000000eb180000,0x00000000eb180000,0x00000000eee80000)
  from space 13312K, 90% used [0x00000000efb80000,0x00000000f0753b20,0x00000000f0880000)
  to   space 8704K, 0% used [0x00000000ef000000,0x00000000ef000000,0x00000000ef880000)
 ParOldGen       total 41472K, used 16973K [0x00000000c1400000, 0x00000000c3c80000, 0x00000000eb180000)
  object space 41472K, 40% used [0x00000000c1400000,0x00000000c2493428,0x00000000c3c80000)
 Metaspace       used 34715K, capacity 35264K, committed 35496K, reserved 1081344K
  class space    used 4471K, capacity 4601K, committed 4608K, reserved 1048576K
}
Event: 3.957 GC heap before
{Heap before GC invocations=10 (full 2):
 PSYoungGen      total 75776K, used 12110K [0x00000000eb180000, 0x00000000f0880000, 0x0000000100000000)
  eden space 62464K, 0% used [0x00000000eb180000,0x00000000eb180000,0x00000000eee80000)
  from space 13312K, 90% used [0x00000000efb80000,0x00000000f0753b20,0x00000000f0880000)
  to   space 8704K, 0% used [0x00000000ef000000,0x00000000ef000000,0x00000000ef880000)
 ParOldGen       total 41472K, used 16973K [0x00000000c1400000, 0x00000000c3c80000, 0x00000000eb180000)
  object space 41472K, 40% used [0x00000000c1400000,0x00000000c2493428,0x00000000c3c80000)
 Metaspace       used 34715K, capacity 35264K, committed 35496K, reserved 1081344K
  class space    used 4471K, capacity 4601K, committed 4608K, reserved 1048576K
Event: 4.065 GC heap after
Heap after GC invocations=10 (full 2):
 PSYoungGen      total 75776K, used 0K [0x00000000eb180000, 0x00000000f0880000, 0x0000000100000000)
  eden space 62464K, 0% used [0x00000000eb180000,0x00000000eb180000,0x00000000eee80000)
  from space 13312K, 0% used [0x00000000efb80000,0x00000000efb80000,0x00000000f0880000)
  to   space 8704K, 0% used [0x00000000ef000000,0x00000000ef000000,0x00000000ef880000)
 ParOldGen       total 41472K, used 17208K [0x00000000c1400000, 0x00000000c3c80000, 0x00000000eb180000)
  object space 41472K, 41% used [0x00000000c1400000,0x00000000c24ce3a8,0x00000000c3c80000)
 Metaspace       used 34715K, capacity 35264K, committed 35496K, reserved 1081344K
  class space    used 4471K, capacity 4601K, committed 4608K, reserved 1048576K
}
Event: 5.454 GC heap before
{Heap before GC invocations=11 (full 2):
 PSYoungGen      total 75776K, used 62464K [0x00000000eb180000, 0x00000000f0880000, 0x0000000100000000)
  eden space 62464K, 100% used [0x00000000eb180000,0x00000000eee80000,0x00000000eee80000)
  from space 13312K, 0% used [0x00000000efb80000,0x00000000efb80000,0x00000000f0880000)
  to   space 8704K, 0% used [0x00000000ef000000,0x00000000ef000000,0x00000000ef880000)
 ParOldGen       total 41472K, used 17208K [0x00000000c1400000, 0x00000000c3c80000, 0x00000000eb180000)
  object space 41472K, 41% used [0x00000000c1400000,0x00000000c24ce3a8,0x00000000c3c80000)
 Metaspace       used 39642K, capacity 40220K, committed 40448K, reserved 1085440K
  class space    used 4928K, capacity 5069K, committed 5120K, reserved 1048576K
Event: 5.471 GC heap after
Heap after GC invocations=11 (full 2):
 PSYoungGen      total 72704K, used 8692K [0x00000000eb180000, 0x00000000f1a00000, 0x0000000100000000)
  eden space 64000K, 0% used [0x00000000eb180000,0x00000000eb180000,0x00000000ef000000)
  from space 8704K, 99% used [0x00000000ef000000,0x00000000ef87d0c0,0x00000000ef880000)
  to   space 15872K, 0% used [0x00000000f0a80000,0x00000000f0a80000,0x00000000f1a00000)
 ParOldGen       total 41472K, used 21127K [0x00000000c1400000, 0x00000000c3c80000, 0x00000000eb180000)
  object space 41472K, 50% used [0x00000000c1400000,0x00000000c28a1ef0,0x00000000c3c80000)
 Metaspace       used 39642K, capacity 40220K, committed 40448K, reserved 1085440K
  class space    used 4928K, capacity 5069K, committed 5120K, reserved 1048576K
}

