# JRE version: OpenJDK Runtime Environment (8.0_202-b03) (build 1.8.0_202-release-1483-b03)
# Java VM: OpenJDK 64-Bit Server VM (25.202-b03 mixed mode windows-amd64 compressed oops)
Heap:
 PSYoungGen      total 92160K, used 22576K [0x00000000eb180000, 0x00000000f2600000, 0x0000000100000000)
  eden space 76288K, 8% used [0x00000000eb180000,0x00000000eb80e660,0x00000000efc00000)
  from space 15872K, 99% used [0x00000000f0f80000,0x00000000f1efdbc8,0x00000000f1f00000)
  to   space 19968K, 0% used [0x00000000efc00000,0x00000000efc00000,0x00000000f0f80000)
 ParOldGen       total 68096K, used 22061K [0x00000000c1400000, 0x00000000c5680000, 0x00000000eb180000)
  object space 68096K, 32% used [0x00000000c1400000,0x00000000c298b5f8,0x00000000c5680000)
 Metaspace       used 47415K, capacity 48216K, committed 48640K, reserved 1091584K
  class space    used 5881K, capacity 6075K, committed 6144K, reserved 1048576K
GC Heap History (10 events):
Event: 4.881 GC heap before
{Heap before GC invocations=8 (full 1):
 PSYoungGen      total 54784K, used 54293K [0x00000000eb180000, 0x00000000f0080000, 0x0000000100000000)
  eden space 47104K, 100% used [0x00000000eb180000,0x00000000edf80000,0x00000000edf80000)
  from space 7680K, 93% used [0x00000000ef900000,0x00000000f0005500,0x00000000f0080000)
  to   space 8192K, 0% used [0x00000000ef080000,0x00000000ef080000,0x00000000ef880000)
 ParOldGen       total 40448K, used 8422K [0x00000000c1400000, 0x00000000c3b80000, 0x00000000eb180000)
  object space 40448K, 20% used [0x00000000c1400000,0x00000000c1c398d8,0x00000000c3b80000)
 Metaspace       used 32208K, capacity 32724K, committed 33024K, reserved 1077248K
  class space    used 4141K, capacity 4284K, committed 4352K, reserved 1048576K
Event: 4.895 GC heap after
Heap after GC invocations=8 (full 1):
 PSYoungGen      total 72704K, used 8190K [0x00000000eb180000, 0x00000000f0d00000, 0x0000000100000000)
  eden space 64512K, 0% used [0x00000000eb180000,0x00000000eb180000,0x00000000ef080000)
  from space 8192K, 99% used [0x00000000ef080000,0x00000000ef87fb18,0x00000000ef880000)
  to   space 13824K, 0% used [0x00000000eff80000,0x00000000eff80000,0x00000000f0d00000)
 ParOldGen       total 40448K, used 17171K [0x00000000c1400000, 0x00000000c3b80000, 0x00000000eb180000)
  object space 40448K, 42% used [0x00000000c1400000,0x00000000c24c4ee8,0x00000000c3b80000)
 Metaspace       used 32208K, capacity 32724K, committed 33024K, reserved 1077248K
  class space    used 4141K, capacity 4284K, committed 4352K, reserved 1048576K
}
Event: 5.290 GC heap before
{Heap before GC invocations=9 (full 1):
 PSYoungGen      total 72704K, used 19795K [0x00000000eb180000, 0x00000000f0d00000, 0x0000000100000000)
  eden space 64512K, 17% used [0x00000000eb180000,0x00000000ebcd54c0,0x00000000ef080000)
  from space 8192K, 99% used [0x00000000ef080000,0x00000000ef87fb18,0x00000000ef880000)
  to   space 13824K, 0% used [0x00000000eff80000,0x00000000eff80000,0x00000000f0d00000)
 ParOldGen       total 40448K, used 17171K [0x00000000c1400000, 0x00000000c3b80000, 0x00000000eb180000)
  object space 40448K, 42% used [0x00000000c1400000,0x00000000c24c4ee8,0x00000000c3b80000)
 Metaspace       used 34798K, capacity 35288K, committed 35456K, reserved 1079296K
  class space    used 4477K, capacity 4633K, committed 4736K, reserved 1048576K
Event: 5.308 GC heap after
Heap after GC invocations=9 (full 1):
 PSYoungGen      total 79360K, used 11005K [0x00000000eb180000, 0x00000000f2d00000, 0x0000000100000000)
  eden space 65536K, 0% used [0x00000000eb180000,0x00000000eb180000,0x00000000ef180000)
  from space 13824K, 79% used [0x00000000eff80000,0x00000000f0a3f738,0x00000000f0d00000)
  to   space 14336K, 0% used [0x00000000ef180000,0x00000000ef180000,0x00000000eff80000)
 ParOldGen       total 40448K, used 17179K [0x00000000c1400000, 0x00000000c3b80000, 0x00000000eb180000)
  object space 40448K, 42% used [0x00000000c1400000,0x00000000c24c6ee8,0x00000000c3b80000)
 Metaspace       used 34798K, capacity 35288K, committed 35456K, reserved 1079296K
  class space    used 4477K, capacity 4633K, committed 4736K, reserved 1048576K
}
Event: 5.308 GC heap before
{Heap before GC invocations=10 (full 2):
 PSYoungGen      total 79360K, used 11005K [0x00000000eb180000, 0x00000000f2d00000, 0x0000000100000000)
  eden space 65536K, 0% used [0x00000000eb180000,0x00000000eb180000,0x00000000ef180000)
  from space 13824K, 79% used [0x00000000eff80000,0x00000000f0a3f738,0x00000000f0d00000)
  to   space 14336K, 0% used [0x00000000ef180000,0x00000000ef180000,0x00000000eff80000)
 ParOldGen       total 40448K, used 17179K [0x00000000c1400000, 0x00000000c3b80000, 0x00000000eb180000)
  object space 40448K, 42% used [0x00000000c1400000,0x00000000c24c6ee8,0x00000000c3b80000)
 Metaspace       used 34798K, capacity 35288K, committed 35456K, reserved 1079296K
  class space    used 4477K, capacity 4633K, committed 4736K, reserved 1048576K
Event: 5.433 GC heap after
Heap after GC invocations=10 (full 2):
 PSYoungGen      total 79360K, used 0K [0x00000000eb180000, 0x00000000f2d00000, 0x0000000100000000)
  eden space 65536K, 0% used [0x00000000eb180000,0x00000000eb180000,0x00000000ef180000)
  from space 13824K, 0% used [0x00000000eff80000,0x00000000eff80000,0x00000000f0d00000)
  to   space 14336K, 0% used [0x00000000ef180000,0x00000000ef180000,0x00000000eff80000)
 ParOldGen       total 68096K, used 16767K [0x00000000c1400000, 0x00000000c5680000, 0x00000000eb180000)
  object space 68096K, 24% used [0x00000000c1400000,0x00000000c245fd98,0x00000000c5680000)
 Metaspace       used 34798K, capacity 35288K, committed 35456K, reserved 1079296K
  class space    used 4477K, capacity 4633K, committed 4736K, reserved 1048576K
}
Event: 6.912 GC heap before
{Heap before GC invocations=11 (full 2):
 PSYoungGen      total 79360K, used 65536K [0x00000000eb180000, 0x00000000f2d00000, 0x0000000100000000)
  eden space 65536K, 100% used [0x00000000eb180000,0x00000000ef180000,0x00000000ef180000)
  from space 13824K, 0% used [0x00000000eff80000,0x00000000eff80000,0x00000000f0d00000)
  to   space 14336K, 0% used [0x00000000ef180000,0x00000000ef180000,0x00000000eff80000)
 ParOldGen       total 68096K, used 16767K [0x00000000c1400000, 0x00000000c5680000, 0x00000000eb180000)
  object space 68096K, 24% used [0x00000000c1400000,0x00000000c245fd98,0x00000000c5680000)
 Metaspace       used 39783K, capacity 40340K, committed 40704K, reserved 1085440K
  class space    used 4931K, capacity 5069K, committed 5120K, reserved 1048576K
Event: 6.936 GC heap after
Heap after GC invocations=11 (full 2):
 PSYoungGen      total 79872K, used 13156K [0x00000000eb180000, 0x00000000f1f00000, 0x0000000100000000)
  eden space 65536K, 0% used [0x00000000eb180000,0x00000000eb180000,0x00000000ef180000)
  from space 14336K, 91% used [0x00000000ef180000,0x00000000efe59228,0x00000000eff80000)
  to   space 15872K, 0% used [0x00000000f0f80000,0x00000000f0f80000,0x00000000f1f00000)
 ParOldGen       total 68096K, used 16775K [0x00000000c1400000, 0x00000000c5680000, 0x00000000eb180000)
  object space 68096K, 24% used [0x00000000c1400000,0x00000000c2461d98,0x00000000c5680000)
 Metaspace       used 39783K, capacity 40340K, committed 40704K, reserved 1085440K
  class space    used 4931K, capacity 5069K, committed 5120K, reserved 1048576K
}
Event: 9.102 GC heap before
{Heap before GC invocations=12 (full 2):
 PSYoungGen      total 79872K, used 78692K [0x00000000eb180000, 0x00000000f1f00000, 0x0000000100000000)
  eden space 65536K, 100% used [0x00000000eb180000,0x00000000ef180000,0x00000000ef180000)
  from space 14336K, 91% used [0x00000000ef180000,0x00000000efe59228,0x00000000eff80000)
  to   space 15872K, 0% used [0x00000000f0f80000,0x00000000f0f80000,0x00000000f1f00000)
 ParOldGen       total 68096K, used 16775K [0x00000000c1400000, 0x00000000c5680000, 0x00000000eb180000)
  object space 68096K, 24% used [0x00000000c1400000,0x00000000c2461d98,0x00000000c5680000)
 Metaspace       used 46398K, capacity 47118K, committed 47488K, reserved 1091584K
  class space    used 5741K, capacity 5912K, committed 6016K, reserved 1048576K
Event: 9.127 GC heap after
Heap after GC invocations=12 (full 2):
 PSYoungGen      total 92160K, used 15862K [0x00000000eb180000, 0x00000000f2600000, 0x0000000100000000)
  eden space 76288K, 0% used [0x00000000eb180000,0x00000000eb180000,0x00000000efc00000)
  from space 15872K, 99% used [0x00000000f0f80000,0x00000000f1efdbc8,0x00000000f1f00000)
  to   space 19968K, 0% used [0x00000000efc00000,0x00000000efc00000,0x00000000f0f80000)
 ParOldGen       total 68096K, used 22061K [0x00000000c1400000, 0x00000000c5680000, 0x00000000eb180000)
  object space 68096K, 32% used [0x00000000c1400000,0x00000000c298b5f8,0x00000000c5680000)
 Metaspace       used 46398K, capacity 47118K, committed 47488K, reserved 1091584K
  class space    used 5741K, capacity 5912K, committed 6016K, reserved 1048576K
}

