# JRE version: OpenJDK Runtime Environment (8.0_202-b03) (build 1.8.0_202-release-1483-b03)
# Java VM: OpenJDK 64-Bit Server VM (25.202-b03 mixed mode windows-amd64 compressed oops)
Heap:
 PSYoungGen      total 77312K, used 18784K [0x00000000eb180000, 0x00000000f2b80000, 0x0000000100000000)
  eden space 63488K, 29% used [0x00000000eb180000,0x00000000ec3d8390,0x00000000eef80000)
  from space 13824K, 0% used [0x00000000efe00000,0x00000000efe00000,0x00000000f0b80000)
  to   space 14848K, 0% used [0x00000000eef80000,0x00000000eef80000,0x00000000efe00000)
 ParOldGen       total 39424K, used 16853K [0x00000000c1400000, 0x00000000c3a80000, 0x00000000eb180000)
  object space 39424K, 42% used [0x00000000c1400000,0x00000000c24756c0,0x00000000c3a80000)
 Metaspace       used 36662K, capacity 37226K, committed 37544K, reserved 1081344K
  class space    used 4669K, capacity 4828K, committed 4864K, reserved 1048576K
GC Heap History (10 events):
Event: 3.439 GC heap before
{Heap before GC invocations=6 (full 1):
 PSYoungGen      total 35328K, used 2546K [0x00000000eb180000, 0x00000000f0080000, 0x0000000100000000)
  eden space 32768K, 0% used [0x00000000eb180000,0x00000000eb180000,0x00000000ed180000)
  from space 2560K, 99% used [0x00000000ed180000,0x00000000ed3fc9d8,0x00000000ed400000)
  to   space 7680K, 0% used [0x00000000ef900000,0x00000000ef900000,0x00000000f0080000)
 ParOldGen       total 44032K, used 14999K [0x00000000c1400000, 0x00000000c3f00000, 0x00000000eb180000)
  object space 44032K, 34% used [0x00000000c1400000,0x00000000c22a5ec0,0x00000000c3f00000)
 Metaspace       used 20782K, capacity 21138K, committed 21296K, reserved 1067008K
  class space    used 2717K, capacity 2837K, committed 2944K, reserved 1048576K
Event: 3.494 GC heap after
Heap after GC invocations=6 (full 1):
 PSYoungGen      total 35328K, used 0K [0x00000000eb180000, 0x00000000f0080000, 0x0000000100000000)
  eden space 32768K, 0% used [0x00000000eb180000,0x00000000eb180000,0x00000000ed180000)
  from space 2560K, 0% used [0x00000000ed180000,0x00000000ed180000,0x00000000ed400000)
  to   space 7680K, 0% used [0x00000000ef900000,0x00000000ef900000,0x00000000f0080000)
 ParOldGen       total 39424K, used 8575K [0x00000000c1400000, 0x00000000c3a80000, 0x00000000eb180000)
  object space 39424K, 21% used [0x00000000c1400000,0x00000000c1c5fd28,0x00000000c3a80000)
 Metaspace       used 20782K, capacity 21138K, committed 21296K, reserved 1067008K
  class space    used 2717K, capacity 2837K, committed 2944K, reserved 1048576K
}
Event: 6.544 GC heap before
{Heap before GC invocations=7 (full 1):
 PSYoungGen      total 35328K, used 32768K [0x00000000eb180000, 0x00000000f0080000, 0x0000000100000000)
  eden space 32768K, 100% used [0x00000000eb180000,0x00000000ed180000,0x00000000ed180000)
  from space 2560K, 0% used [0x00000000ed180000,0x00000000ed180000,0x00000000ed400000)
  to   space 7680K, 0% used [0x00000000ef900000,0x00000000ef900000,0x00000000f0080000)
 ParOldGen       total 39424K, used 8575K [0x00000000c1400000, 0x00000000c3a80000, 0x00000000eb180000)
  object space 39424K, 21% used [0x00000000c1400000,0x00000000c1c5fd28,0x00000000c3a80000)
 Metaspace       used 24540K, capacity 25044K, committed 25216K, reserved 1071104K
  class space    used 3224K, capacity 3380K, committed 3456K, reserved 1048576K
Event: 6.554 GC heap after
Heap after GC invocations=7 (full 1):
 PSYoungGen      total 53760K, used 7203K [0x00000000eb180000, 0x00000000f0080000, 0x0000000100000000)
  eden space 46080K, 0% used [0x00000000eb180000,0x00000000eb180000,0x00000000ede80000)
  from space 7680K, 93% used [0x00000000ef900000,0x00000000f0008df8,0x00000000f0080000)
  to   space 8704K, 0% used [0x00000000eef80000,0x00000000eef80000,0x00000000ef800000)
 ParOldGen       total 39424K, used 8583K [0x00000000c1400000, 0x00000000c3a80000, 0x00000000eb180000)
  object space 39424K, 21% used [0x00000000c1400000,0x00000000c1c61d28,0x00000000c3a80000)
 Metaspace       used 24540K, capacity 25044K, committed 25216K, reserved 1071104K
  class space    used 3224K, capacity 3380K, committed 3456K, reserved 1048576K
}
Event: 7.902 GC heap before
{Heap before GC invocations=8 (full 1):
 PSYoungGen      total 53760K, used 53283K [0x00000000eb180000, 0x00000000f0080000, 0x0000000100000000)
  eden space 46080K, 100% used [0x00000000eb180000,0x00000000ede80000,0x00000000ede80000)
  from space 7680K, 93% used [0x00000000ef900000,0x00000000f0008df8,0x00000000f0080000)
  to   space 8704K, 0% used [0x00000000eef80000,0x00000000eef80000,0x00000000ef800000)
 ParOldGen       total 39424K, used 8583K [0x00000000c1400000, 0x00000000c3a80000, 0x00000000eb180000)
  object space 39424K, 21% used [0x00000000c1400000,0x00000000c1c61d28,0x00000000c3a80000)
 Metaspace       used 31954K, capacity 32436K, committed 32768K, reserved 1077248K
  class space    used 4116K, capacity 4252K, committed 4352K, reserved 1048576K
Event: 7.916 GC heap after
Heap after GC invocations=8 (full 1):
 PSYoungGen      total 72192K, used 8702K [0x00000000eb180000, 0x00000000f0b80000, 0x0000000100000000)
  eden space 63488K, 0% used [0x00000000eb180000,0x00000000eb180000,0x00000000eef80000)
  from space 8704K, 99% used [0x00000000eef80000,0x00000000ef7ffb18,0x00000000ef800000)
  to   space 13824K, 0% used [0x00000000efe00000,0x00000000efe00000,0x00000000f0b80000)
 ParOldGen       total 39424K, used 16515K [0x00000000c1400000, 0x00000000c3a80000, 0x00000000eb180000)
  object space 39424K, 41% used [0x00000000c1400000,0x00000000c2420e48,0x00000000c3a80000)
 Metaspace       used 31954K, capacity 32436K, committed 32768K, reserved 1077248K
  class space    used 4116K, capacity 4252K, committed 4352K, reserved 1048576K
}
Event: 8.312 GC heap before
{Heap before GC invocations=9 (full 1):
 PSYoungGen      total 72192K, used 19990K [0x00000000eb180000, 0x00000000f0b80000, 0x0000000100000000)
  eden space 63488K, 17% used [0x00000000eb180000,0x00000000ebc85d00,0x00000000eef80000)
  from space 8704K, 99% used [0x00000000eef80000,0x00000000ef7ffb18,0x00000000ef800000)
  to   space 13824K, 0% used [0x00000000efe00000,0x00000000efe00000,0x00000000f0b80000)
 ParOldGen       total 39424K, used 16515K [0x00000000c1400000, 0x00000000c3a80000, 0x00000000eb180000)
  object space 39424K, 41% used [0x00000000c1400000,0x00000000c2420e48,0x00000000c3a80000)
 Metaspace       used 34749K, capacity 35328K, committed 35496K, reserved 1081344K
  class space    used 4470K, capacity 4601K, committed 4608K, reserved 1048576K
Event: 8.325 GC heap after
Heap after GC invocations=9 (full 1):
 PSYoungGen      total 77312K, used 11636K [0x00000000eb180000, 0x00000000f2b80000, 0x0000000100000000)
  eden space 63488K, 0% used [0x00000000eb180000,0x00000000eb180000,0x00000000eef80000)
  from space 13824K, 84% used [0x00000000efe00000,0x00000000f095d350,0x00000000f0b80000)
  to   space 14848K, 0% used [0x00000000eef80000,0x00000000eef80000,0x00000000efe00000)
 ParOldGen       total 39424K, used 16523K [0x00000000c1400000, 0x00000000c3a80000, 0x00000000eb180000)
  object space 39424K, 41% used [0x00000000c1400000,0x00000000c2422e48,0x00000000c3a80000)
 Metaspace       used 34749K, capacity 35328K, committed 35496K, reserved 1081344K
  class space    used 4470K, capacity 4601K, committed 4608K, reserved 1048576K
}
Event: 8.326 GC heap before
{Heap before GC invocations=10 (full 2):
 PSYoungGen      total 77312K, used 11636K [0x00000000eb180000, 0x00000000f2b80000, 0x0000000100000000)
  eden space 63488K, 0% used [0x00000000eb180000,0x00000000eb180000,0x00000000eef80000)
  from space 13824K, 84% used [0x00000000efe00000,0x00000000f095d350,0x00000000f0b80000)
  to   space 14848K, 0% used [0x00000000eef80000,0x00000000eef80000,0x00000000efe00000)
 ParOldGen       total 39424K, used 16523K [0x00000000c1400000, 0x00000000c3a80000, 0x00000000eb180000)
  object space 39424K, 41% used [0x00000000c1400000,0x00000000c2422e48,0x00000000c3a80000)
 Metaspace       used 34749K, capacity 35328K, committed 35496K, reserved 1081344K
  class space    used 4470K, capacity 4601K, committed 4608K, reserved 1048576K
Event: 8.427 GC heap after
Heap after GC invocations=10 (full 2):
 PSYoungGen      total 77312K, used 0K [0x00000000eb180000, 0x00000000f2b80000, 0x0000000100000000)
  eden space 63488K, 0% used [0x00000000eb180000,0x00000000eb180000,0x00000000eef80000)
  from space 13824K, 0% used [0x00000000efe00000,0x00000000efe00000,0x00000000f0b80000)
  to   space 14848K, 0% used [0x00000000eef80000,0x00000000eef80000,0x00000000efe00000)
 ParOldGen       total 39424K, used 16853K [0x00000000c1400000, 0x00000000c3a80000, 0x00000000eb180000)
  object space 39424K, 42% used [0x00000000c1400000,0x00000000c24756c0,0x00000000c3a80000)
 Metaspace       used 34749K, capacity 35328K, committed 35496K, reserved 1081344K
  class space    used 4470K, capacity 4601K, committed 4608K, reserved 1048576K
}

